<?xml version="1.0" encoding="UTF-8"?>
<!-- Generated by org.testng.reporters.JUnitReportReporter -->
<testsuite hostname="DESKTOP-NT3AJV9" failures="0" tests="2" name="executions.Indeed" time="33.177" errors="0" timestamp="2024-03-12T12:28:10 IST" skipped="0">
  <testcase classname="executions.Indeed" name="indeed" time="17.302"/>
  <system-out/>
  <testcase classname="executions.Indeed" name="indeed" time="15.875"/>
  <system-out/>
</testsuite> <!-- executions.Indeed -->
