<?xml version="1.0" encoding="UTF-8"?>
<!-- Generated by org.testng.reporters.JUnitReportReporter -->
<testsuite hostname="DESKTOP-NT3AJV9" failures="0" tests="1" name="crossbrowserExecution.Naukari" time="4.626" errors="0" timestamp="2024-03-12T12:11:17 IST" skipped="0">
  <testcase classname="crossbrowserExecution.Naukari" name="naukari" time="4.626"/>
  <system-out/>
</testsuite> <!-- crossbrowserExecution.Naukari -->
