<?xml version="1.0" encoding="UTF-8"?>
<!-- Generated by org.testng.reporters.JUnitReportReporter -->
<testsuite hostname="DESKTOP-NT3AJV9" failures="0" tests="2" name="executions.LinkedIn" time="62.120" errors="0" timestamp="2024-03-12T12:28:10 IST" skipped="0">
  <testcase classname="executions.LinkedIn" name="linkedIn" time="35.706"/>
  <system-out/>
  <testcase classname="executions.LinkedIn" name="linkedIn" time="26.414"/>
  <system-out/>
</testsuite> <!-- executions.LinkedIn -->
