<?xml version="1.0" encoding="UTF-8"?>
<!-- Generated by org.testng.reporters.JUnitReportReporter -->
<testsuite hostname="DESKTOP-NT3AJV9" failures="0" tests="1" name="Base_Test.TC_01_LaunchBrowser_Register" time="27.605" errors="0" timestamp="2024-03-20T14:41:23 IST" skipped="0">
  <testcase classname="Base_Test.TC_01_LaunchBrowser_Register" name="Login" time="27.605"/>
  <system-out/>
</testsuite> <!-- Base_Test.TC_01_LaunchBrowser_Register -->
