<?xml version="1.0" encoding="UTF-8"?>
<!-- Generated by org.testng.reporters.JUnitReportReporter -->
<testsuite hostname="DESKTOP-NT3AJV9" failures="0" tests="3" name="dataProvider.Haircare" time="78.469" errors="0" timestamp="2024-03-12T17:30:35 IST" skipped="0">
  <testcase classname="dataProvider.Haircare" name="url" time="25.804"/>
  <system-out/>
  <testcase classname="dataProvider.Haircare" name="url" time="32.233"/>
  <system-out/>
  <testcase classname="dataProvider.Haircare" name="url" time="20.432"/>
  <system-out/>
</testsuite> <!-- dataProvider.Haircare -->
