<?xml version="1.0" encoding="UTF-8"?>
<!-- Generated by org.testng.reporters.JUnitReportReporter -->
<testsuite hostname="DESKTOP-NT3AJV9" failures="0" tests="2" name="executions.Naukari" time="21.573" errors="0" timestamp="2024-03-12T12:28:10 IST" skipped="0">
  <testcase classname="executions.Naukari" name="naukari" time="10.858"/>
  <system-out/>
  <testcase classname="executions.Naukari" name="naukari" time="10.715"/>
  <system-out/>
</testsuite> <!-- executions.Naukari -->
