<?xml version="1.0" encoding="UTF-8"?>
<!-- Generated by org.testng.reporters.JUnitReportReporter -->
<testsuite hostname="DESKTOP-NT3AJV9" failures="0" tests="1" name="crossbrowserExecution.Indeed" time="12.004" errors="0" timestamp="2024-03-12T12:11:17 IST" skipped="0">
  <testcase classname="crossbrowserExecution.Indeed" name="indeed" time="12.004"/>
  <system-out/>
</testsuite> <!-- crossbrowserExecution.Indeed -->
