<?xml version="1.0" encoding="UTF-8"?>
<!-- Generated by org.testng.reporters.JUnitReportReporter -->
<testsuite hostname="DESKTOP-NT3AJV9" failures="0" tests="1" name="Base_Test.TC_03_RemoveFromCart" time="16.722" errors="0" timestamp="2024-03-20T14:22:11 IST" skipped="0">
  <testcase classname="Base_Test.TC_03_RemoveFromCart" name="removeprodtocart" time="16.722"/>
  <system-out/>
</testsuite> <!-- Base_Test.TC_03_RemoveFromCart -->
