<?xml version="1.0" encoding="UTF-8"?>
<!-- Generated by org.testng.reporters.JUnitReportReporter -->
<testsuite hostname="DESKTOP-NT3AJV9" failures="0" tests="1" name="Base_Test.TC_01_LaunchBrowser_Login" time="13.924" errors="0" timestamp="2024-03-20T10:42:48 IST" skipped="0">
  <testcase classname="Base_Test.TC_01_LaunchBrowser_Login" name="Login" time="13.924"/>
  <system-out/>
</testsuite> <!-- Base_Test.TC_01_LaunchBrowser_Login -->
