<?xml version="1.0" encoding="UTF-8"?>
<!-- Generated by org.testng.reporters.JUnitReportReporter -->
<testsuite hostname="DESKTOP-NT3AJV9" failures="0" tests="1" name="Base_Test.TC_2_AddToCart" time="22.919" errors="0" timestamp="2024-03-20T14:02:58 IST" skipped="0">
  <testcase classname="Base_Test.TC_2_AddToCart" name="addprodtocart" time="22.919"/>
  <system-out/>
</testsuite> <!-- Base_Test.TC_2_AddToCart -->
